[debug] [2024-08-01T07:32:36.095Z] ----------------------------------------------------------------------
[debug] [2024-08-01T07:32:36.099Z] Command:       C:\Program Files\nodejs\node.exe C:\Users\user1\AppData\Roaming\npm\node_modules\firebase-tools\lib\bin\firebase.js init
[debug] [2024-08-01T07:32:36.100Z] CLI Version:   13.14.2
[debug] [2024-08-01T07:32:36.100Z] Platform:      win32
[debug] [2024-08-01T07:32:36.101Z] Node Version:  v20.15.1
[debug] [2024-08-01T07:32:36.101Z] Time:          Thu Aug 01 2024 03:32:36 GMT-0400 (Eastern Daylight Time)
[debug] [2024-08-01T07:32:36.101Z] ----------------------------------------------------------------------
[debug] 
[debug] [2024-08-01T07:32:36.111Z] > command requires scopes: ["email","openid","https://www.googleapis.com/auth/cloudplatformprojects.readonly","https://www.googleapis.com/auth/firebase","https://www.googleapis.com/auth/cloud-platform"]
[debug] [2024-08-01T07:32:36.112Z] > authorizing via signed-in user (wsright987@gmail.com)
[info] 
     ######## #### ########  ######## ########     ###     ######  ########
     ##        ##  ##     ## ##       ##     ##  ##   ##  ##       ##
     ######    ##  ########  ######   ########  #########  ######  ######
     ##        ##  ##    ##  ##       ##     ## ##     ##       ## ##
     ##       #### ##     ## ######## ########  ##     ##  ######  ########

You're about to initialize a Firebase project in this directory:

  C:\Users\user1\Documents\GitHub\thrillweb\agency-frontend

[info] 
=== Project Setup
[info] 
[info] First, let's associate this project directory with a Firebase project.
[info] You can create multiple project aliases by running firebase use --add, 
[info] but for now we'll just set up a default project.
[info] 
[debug] [2024-08-01T07:32:48.434Z] > refreshing access token with scopes: []
[debug] [2024-08-01T07:32:48.436Z] >>> [apiv2][query] POST https://www.googleapis.com/oauth2/v3/token [none]
[debug] [2024-08-01T07:32:48.437Z] >>> [apiv2][body] POST https://www.googleapis.com/oauth2/v3/token [omitted]
[debug] [2024-08-01T07:32:48.731Z] <<< [apiv2][status] POST https://www.googleapis.com/oauth2/v3/token 200
[debug] [2024-08-01T07:32:48.732Z] <<< [apiv2][body] POST https://www.googleapis.com/oauth2/v3/token [omitted]
[debug] [2024-08-01T07:32:48.844Z] >>> [apiv2][query] GET https://firebase.googleapis.com/v1beta1/projects pageSize=100
[debug] [2024-08-01T07:32:49.276Z] <<< [apiv2][status] GET https://firebase.googleapis.com/v1beta1/projects 200
[debug] [2024-08-01T07:32:49.276Z] <<< [apiv2][body] GET https://firebase.googleapis.com/v1beta1/projects [omitted]
[info] i  Using project resume-bbd43 (Resume) 
[info] 
=== Hosting Setup
[debug] [2024-08-01T07:33:07.093Z] >>> [apiv2][query] GET https://firebase.googleapis.com/v1beta1/projects/resume-bbd43 [none]
[debug] [2024-08-01T07:33:07.394Z] <<< [apiv2][status] GET https://firebase.googleapis.com/v1beta1/projects/resume-bbd43 200
[debug] [2024-08-01T07:33:07.394Z] <<< [apiv2][body] GET https://firebase.googleapis.com/v1beta1/projects/resume-bbd43 {"projectId":"resume-bbd43","projectNumber":"899941858131","displayName":"Resume","name":"projects/resume-bbd43","resources":{"hostingSite":"resume-bbd43","realtimeDatabaseInstance":"resume-bbd43-default-rtdb","storageBucket":"resume-bbd43.appspot.com","locationId":"us-central"},"state":"ACTIVE","etag":"1_22ce7969-f36f-4486-85aa-f095c9d37400"}
[info] 
[info] Your public directory is the folder (relative to your project directory) that
[info] will contain Hosting assets to be uploaded with firebase deploy. If you
[info] have a build process for your assets, use your build's output directory.
[info] 
